<?xml version="1.0" encoding="UTF-8"?>
<testsuite xmlns:xsi="http://www.w3.org/2001/XMLSchema-instance" xsi:noNamespaceSchemaLocation="https://maven.apache.org/surefire/maven-surefire-plugin/xsd/surefire-test-report.xsd" name="AFPA.CDA03.Demo.SocieteTest" time="0.172" tests="17" errors="0" skipped="0" failures="2">
  <properties>
    <property name="sun.desktop" value="windows"/>
    <property name="awt.toolkit" value="sun.awt.windows.WToolkit"/>
    <property name="file.encoding.pkg" value="sun.io"/>
    <property name="java.specification.version" value="1.8"/>
    <property name="sun.cpu.isalist" value="amd64"/>
    <property name="sun.jnu.encoding" value="Cp1252"/>
    <property name="java.class.path" value="C:\Users\sad\Documents\maven\projet\ProjetFX\target\test-classes;C:\Users\sad\Documents\maven\projet\ProjetFX\target\classes;C:\Users\sad\.m2\repository\org\junit\jupiter\junit-jupiter-api\5.6.0\junit-jupiter-api-5.6.0.jar;C:\Users\sad\.m2\repository\org\apiguardian\apiguardian-api\1.1.0\apiguardian-api-1.1.0.jar;C:\Users\sad\.m2\repository\org\opentest4j\opentest4j\1.2.0\opentest4j-1.2.0.jar;C:\Users\sad\.m2\repository\org\junit\platform\junit-platform-commons\1.6.0\junit-platform-commons-1.6.0.jar;C:\Users\sad\.m2\repository\org\junit\jupiter\junit-jupiter-engine\5.6.0\junit-jupiter-engine-5.6.0.jar;C:\Users\sad\.m2\repository\org\junit\platform\junit-platform-engine\1.6.0\junit-platform-engine-1.6.0.jar;C:\Users\sad\.m2\repository\org\junit\jupiter\junit-jupiter-params\5.6.1\junit-jupiter-params-5.6.1.jar;C:\Users\sad\.m2\repository\mysql\mysql-connector-java\8.0.19\mysql-connector-java-8.0.19.jar;C:\Users\sad\.m2\repository\com\google\protobuf\protobuf-java\3.6.1\protobuf-java-3.6.1.jar;"/>
    <property name="java.vm.vendor" value="Oracle Corporation"/>
    <property name="sun.arch.data.model" value="64"/>
    <property name="user.variant" value=""/>
    <property name="java.vendor.url" value="http://java.oracle.com/"/>
    <property name="user.timezone" value="Europe/Paris"/>
    <property name="java.vm.specification.version" value="1.8"/>
    <property name="os.name" value="Windows 8.1"/>
    <property name="user.country" value="FR"/>
    <property name="sun.java.launcher" value="SUN_STANDARD"/>
    <property name="sun.boot.library.path" value="C:\Program Files\Java\jdk1.8.0_191\jre\bin"/>
    <property name="sun.java.command" value="C:\Users\sad\AppData\Local\Temp\surefire412646613350005848\surefirebooter174699472053868933.jar C:\Users\sad\AppData\Local\Temp\surefire412646613350005848 2020-06-04T01-47-34_825-jvmRun1 surefire393938866568992571tmp surefire_07162905702466632996tmp"/>
    <property name="surefire.test.class.path" value="C:\Users\sad\Documents\maven\projet\ProjetFX\target\test-classes;C:\Users\sad\Documents\maven\projet\ProjetFX\target\classes;C:\Users\sad\.m2\repository\org\junit\jupiter\junit-jupiter-api\5.6.0\junit-jupiter-api-5.6.0.jar;C:\Users\sad\.m2\repository\org\apiguardian\apiguardian-api\1.1.0\apiguardian-api-1.1.0.jar;C:\Users\sad\.m2\repository\org\opentest4j\opentest4j\1.2.0\opentest4j-1.2.0.jar;C:\Users\sad\.m2\repository\org\junit\platform\junit-platform-commons\1.6.0\junit-platform-commons-1.6.0.jar;C:\Users\sad\.m2\repository\org\junit\jupiter\junit-jupiter-engine\5.6.0\junit-jupiter-engine-5.6.0.jar;C:\Users\sad\.m2\repository\org\junit\platform\junit-platform-engine\1.6.0\junit-platform-engine-1.6.0.jar;C:\Users\sad\.m2\repository\org\junit\jupiter\junit-jupiter-params\5.6.1\junit-jupiter-params-5.6.1.jar;C:\Users\sad\.m2\repository\mysql\mysql-connector-java\8.0.19\mysql-connector-java-8.0.19.jar;C:\Users\sad\.m2\repository\com\google\protobuf\protobuf-java\3.6.1\protobuf-java-3.6.1.jar;"/>
    <property name="sun.cpu.endian" value="little"/>
    <property name="user.home" value="C:\Users\sad"/>
    <property name="user.language" value="fr"/>
    <property name="java.specification.vendor" value="Oracle Corporation"/>
    <property name="java.home" value="C:\Program Files\Java\jdk1.8.0_191\jre"/>
    <property name="basedir" value="C:\Users\sad\Documents\maven\projet\ProjetFX"/>
    <property name="file.separator" value="\"/>
    <property name="line.separator" value="&#10;"/>
    <property name="java.vm.specification.vendor" value="Oracle Corporation"/>
    <property name="java.specification.name" value="Java Platform API Specification"/>
    <property name="java.awt.graphicsenv" value="sun.awt.Win32GraphicsEnvironment"/>
    <property name="surefire.real.class.path" value="C:\Users\sad\AppData\Local\Temp\surefire412646613350005848\surefirebooter174699472053868933.jar"/>
    <property name="sun.boot.class.path" value="C:\Program Files\Java\jdk1.8.0_191\jre\lib\resources.jar;C:\Program Files\Java\jdk1.8.0_191\jre\lib\rt.jar;C:\Program Files\Java\jdk1.8.0_191\jre\lib\sunrsasign.jar;C:\Program Files\Java\jdk1.8.0_191\jre\lib\jsse.jar;C:\Program Files\Java\jdk1.8.0_191\jre\lib\jce.jar;C:\Program Files\Java\jdk1.8.0_191\jre\lib\charsets.jar;C:\Program Files\Java\jdk1.8.0_191\jre\lib\jfr.jar;C:\Program Files\Java\jdk1.8.0_191\jre\classes"/>
    <property name="user.script" value=""/>
    <property name="sun.management.compiler" value="HotSpot 64-Bit Tiered Compilers"/>
    <property name="java.runtime.version" value="1.8.0_191-b12"/>
    <property name="user.name" value="sad"/>
    <property name="path.separator" value=";"/>
    <property name="os.version" value="6.3"/>
    <property name="java.endorsed.dirs" value="C:\Program Files\Java\jdk1.8.0_191\jre\lib\endorsed"/>
    <property name="java.runtime.name" value="Java(TM) SE Runtime Environment"/>
    <property name="file.encoding" value="Cp1252"/>
    <property name="java.vm.name" value="Java HotSpot(TM) 64-Bit Server VM"/>
    <property name="localRepository" value="C:\Users\sad\.m2\repository"/>
    <property name="java.vendor.url.bug" value="http://bugreport.sun.com/bugreport/"/>
    <property name="java.io.tmpdir" value="C:\Users\sad\AppData\Local\Temp\"/>
    <property name="java.version" value="1.8.0_191"/>
    <property name="user.dir" value="C:\Users\sad\Documents\maven\projet\ProjetFX"/>
    <property name="os.arch" value="amd64"/>
    <property name="java.vm.specification.name" value="Java Virtual Machine Specification"/>
    <property name="java.awt.printerjob" value="sun.awt.windows.WPrinterJob"/>
    <property name="sun.os.patch.level" value=""/>
    <property name="java.library.path" value="C:\Program Files\Java\jdk1.8.0_191\jre\bin;C:\WINDOWS\Sun\Java\bin;C:\WINDOWS\system32;C:\WINDOWS;C:\Users\sad\bin;C:\Program Files\Git\mingw64\bin;C:\Program Files\Git\usr\local\bin;C:\Program Files\Git\usr\bin;C:\Program Files\Git\usr\bin;C:\Program Files\Git\mingw64\bin;C:\Program Files\Git\usr\bin;C:\Users\sad\bin;C:\Program Files (x86)\Common Files\Oracle\Java\javapath;C:\Program Files (x86)\Intel\iCLS Client;C:\Program Files\Intel\iCLS Client;C:\Windows\system32;C:\Windows;C:\Windows\System32\Wbem;C:\Windows\System32\WindowsPowerShell\v1.0;C:\Program Files (x86)\Intel\OpenCL SDK\2.0\bin\x86;C:\Program Files (x86)\Intel\OpenCL SDK\2.0\bin\x64;C:\Program Files\Intel\Intel(R) Management Engine Components\DAL;C:\Program Files\Intel\Intel(R) Management Engine Components\IPT;C:\Program Files (x86)\Intel\Intel(R) Management Engine Components\DAL;C:\Program Files (x86)\Intel\Intel(R) Management Engine Components\IPT;C:\Users\Sarah La Kep\AppData\Local\Smartbar\Application;C:\WINDOWS\system32;C:\WINDOWS;C:\WINDOWS\System32\Wbem;C:\WINDOWS\System32\WindowsPowerShell\v1.0;C:\Program Files\Git\cmd;C:\Program Files\apache-maven-3.6.3\bin;C:\Users\sad\AppData\Roaming\Dashlane\6.2004.0.32112\bin\Firefox_Extension\{442718d9-475e-452a-b3e1-fb1ee16b8e9f}\components;C:\Users\sad\AppData\Roaming\Dashlane\6.2004.0.32112\ucrt;C:\Users\sad\AppData\Roaming\Dashlane\6.2004.0.32112\bin\Qt;C:\Users\sad\AppData\Roaming\Dashlane\6.2004.0.32112\ucrt;C:\Users\sad\AppData\Roaming\Dashlane\6.2004.0.32112\bin\Ssl;C:\Program Files\Git\usr\bin\vendor_perl;C:\Program Files\Git\usr\bin\core_perl;."/>
    <property name="java.vm.info" value="mixed mode"/>
    <property name="java.vendor" value="Oracle Corporation"/>
    <property name="java.vm.version" value="25.191-b12"/>
    <property name="java.ext.dirs" value="C:\Program Files\Java\jdk1.8.0_191\jre\lib\ext;C:\WINDOWS\Sun\Java\lib\ext"/>
    <property name="sun.io.unicode.encoding" value="UnicodeLittle"/>
    <property name="java.class.version" value="52.0"/>
  </properties>
  <testcase name="valueNullEmptySetterRaisonSociale" classname="AFPA.CDA03.Demo.SocieteTest" time="0.016"/>
  <testcase name="mailOk{String}[1]" classname="AFPA.CDA03.Demo.SocieteTest" time="0.047"/>
  <testcase name="mailOk{String}[2]" classname="AFPA.CDA03.Demo.SocieteTest" time="0"/>
  <testcase name="null_RsSociete" classname="AFPA.CDA03.Demo.SocieteTest" time="0"/>
  <testcase name="telInvalid{String}[1]" classname="AFPA.CDA03.Demo.SocieteTest" time="0"/>
  <testcase name="telInvalid{String}[2]" classname="AFPA.CDA03.Demo.SocieteTest" time="0"/>
  <testcase name="telInvalid{String}[3]" classname="AFPA.CDA03.Demo.SocieteTest" time="0.016">
    <failure message="Expected exception.ExceptionMetier1 to be thrown, but nothing was thrown." type="org.opentest4j.AssertionFailedError">org.opentest4j.AssertionFailedError: Expected exception.ExceptionMetier1 to be thrown, but nothing was thrown.
	at AFPA.CDA03.Demo.SocieteTest.telInvalid(SocieteTest.java:84)
</failure>
  </testcase>
  <testcase name="telOk{String}[1]" classname="AFPA.CDA03.Demo.SocieteTest" time="0"/>
  <testcase name="telOk{String}[2]" classname="AFPA.CDA03.Demo.SocieteTest" time="0"/>
  <testcase name="telOk{String}[3]" classname="AFPA.CDA03.Demo.SocieteTest" time="0"/>
  <testcase name="invalidFormatMail{String}[1]" classname="AFPA.CDA03.Demo.SocieteTest" time="0">
    <failure message="Unexpected exception type thrown ==&gt; expected: &lt;exception.ExceptionMetier1&gt; but was: &lt;java.lang.NullPointerException&gt;" type="org.opentest4j.AssertionFailedError"><![CDATA[org.opentest4j.AssertionFailedError: Unexpected exception type thrown ==> expected: <exception.ExceptionMetier1> but was: <java.lang.NullPointerException>
	at AFPA.CDA03.Demo.SocieteTest.invalidFormatMail(SocieteTest.java:64)
Caused by: java.lang.NullPointerException
	at AFPA.CDA03.Demo.SocieteTest.lambda$invalidFormatMail$1(SocieteTest.java:64)
	at AFPA.CDA03.Demo.SocieteTest.invalidFormatMail(SocieteTest.java:64)
]]></failure>
  </testcase>
  <testcase name="invalidFormatMail{String}[2]" classname="AFPA.CDA03.Demo.SocieteTest" time="0"/>
  <testcase name="invalidFormatMail{String}[3]" classname="AFPA.CDA03.Demo.SocieteTest" time="0"/>
  <testcase name="invalidFormatMail{String}[4]" classname="AFPA.CDA03.Demo.SocieteTest" time="0"/>
  <testcase name="invalidFormatMail{String}[5]" classname="AFPA.CDA03.Demo.SocieteTest" time="0"/>
  <testcase name="invalidFormatMail{String}[6]" classname="AFPA.CDA03.Demo.SocieteTest" time="0"/>
  <testcase name="invalidFormatMail{String}[7]" classname="AFPA.CDA03.Demo.SocieteTest" time="0"/>
</testsuite>